Performing C SOURCE FILE Test CMAKE_HAVE_LIBC_PTHREAD failed with the following output:
Change Dir: /home/majumder/torch_resnet_jit/CMakeFiles/CMakeTmp

Run Build Command(s):/usr/bin/make -f Makefile cmTC_02f12/fast && /usr/bin/make  -f CMakeFiles/cmTC_02f12.dir/build.make CMakeFiles/cmTC_02f12.dir/build
make[1]: Entering directory '/home/majumder/torch_resnet_jit/CMakeFiles/CMakeTmp'
Building C object CMakeFiles/cmTC_02f12.dir/src.c.o
/usr/bin/cc -DCMAKE_HAVE_LIBC_PTHREAD   -o CMakeFiles/cmTC_02f12.dir/src.c.o -c /home/majumder/torch_resnet_jit/CMakeFiles/CMakeTmp/src.c
Linking C executable cmTC_02f12
/root/miniconda3/envs/mkl-torch-majumder/lib/python3.9/site-packages/cmake/data/bin/cmake -E cmake_link_script CMakeFiles/cmTC_02f12.dir/link.txt --verbose=1
/usr/bin/cc -rdynamic CMakeFiles/cmTC_02f12.dir/src.c.o -o cmTC_02f12 
/usr/bin/ld: CMakeFiles/cmTC_02f12.dir/src.c.o: in function `main':
src.c:(.text+0x46): undefined reference to `pthread_create'
/usr/bin/ld: src.c:(.text+0x52): undefined reference to `pthread_detach'
/usr/bin/ld: src.c:(.text+0x5e): undefined reference to `pthread_cancel'
/usr/bin/ld: src.c:(.text+0x6f): undefined reference to `pthread_join'
collect2: error: ld returned 1 exit status
make[1]: *** [CMakeFiles/cmTC_02f12.dir/build.make:99: cmTC_02f12] Error 1
make[1]: Leaving directory '/home/majumder/torch_resnet_jit/CMakeFiles/CMakeTmp'
make: *** [Makefile:127: cmTC_02f12/fast] Error 2


Source file was:
#include <pthread.h>

static void* test_func(void* data)
{
  return data;
}

int main(void)
{
  pthread_t thread;
  pthread_create(&thread, NULL, test_func, NULL);
  pthread_detach(thread);
  pthread_cancel(thread);
  pthread_join(thread, NULL);
  pthread_atfork(NULL, NULL, NULL);
  pthread_exit(NULL);

  return 0;
}

Determining if the function pthread_create exists in the pthreads failed with the following output:
Change Dir: /home/majumder/torch_resnet_jit/CMakeFiles/CMakeTmp

Run Build Command(s):/usr/bin/make -f Makefile cmTC_e06fb/fast && /usr/bin/make  -f CMakeFiles/cmTC_e06fb.dir/build.make CMakeFiles/cmTC_e06fb.dir/build
make[1]: Entering directory '/home/majumder/torch_resnet_jit/CMakeFiles/CMakeTmp'
Building C object CMakeFiles/cmTC_e06fb.dir/CheckFunctionExists.c.o
/usr/bin/cc   -DCHECK_FUNCTION_EXISTS=pthread_create -o CMakeFiles/cmTC_e06fb.dir/CheckFunctionExists.c.o -c /root/miniconda3/envs/mkl-torch-majumder/lib/python3.9/site-packages/cmake/data/share/cmake-3.22/Modules/CheckFunctionExists.c
Linking C executable cmTC_e06fb
/root/miniconda3/envs/mkl-torch-majumder/lib/python3.9/site-packages/cmake/data/bin/cmake -E cmake_link_script CMakeFiles/cmTC_e06fb.dir/link.txt --verbose=1
/usr/bin/cc  -DCHECK_FUNCTION_EXISTS=pthread_create -rdynamic CMakeFiles/cmTC_e06fb.dir/CheckFunctionExists.c.o -o cmTC_e06fb  -lpthreads 
/usr/bin/ld: cannot find -lpthreads
collect2: error: ld returned 1 exit status
make[1]: *** [CMakeFiles/cmTC_e06fb.dir/build.make:99: cmTC_e06fb] Error 1
make[1]: Leaving directory '/home/majumder/torch_resnet_jit/CMakeFiles/CMakeTmp'
make: *** [Makefile:127: cmTC_e06fb/fast] Error 2



